<?xml version="1.0" encoding="UTF-8"?>
<!-- Generated by org.testng.reporters.JUnitXMLReporter -->
<testsuite hostname="PC" name="Test" tests="1" failures="0" timestamp="5 May 2020 17:04:20 GMT" time="0.455" errors="0">
  <testcase name="@BeforeClass setUpClass" time="0.0" classname="com.prestaShop.testRunner.TestRunner">
    <failure type="cucumber.runtime.CucumberException" message="You&amp;apos;re not allowed to extend classes that define Step Definitions or hooks. class com.prestaShop.stepDefinitions.TC_001_AddToCart extends class com.prestaShop.stepDefinitions.BaseClass">
      <![CDATA[cucumber.runtime.CucumberException: You're not allowed to extend classes that define Step Definitions or hooks. class com.prestaShop.stepDefinitions.TC_001_AddToCart extends class com.prestaShop.stepDefinitions.BaseClass
	at cucumber.runtime.java.MethodScanner.scan(MethodScanner.java:63)
	at cucumber.runtime.java.MethodScanner.scan(MethodScanner.java:41)
	at cucumber.runtime.java.JavaBackend.loadGlue(JavaBackend.java:86)
	at cucumber.runtime.Runtime.<init>(Runtime.java:92)
	at cucumber.runtime.Runtime.<init>(Runtime.java:70)
	at cucumber.runtime.Runtime.<init>(Runtime.java:66)
	at cucumber.api.testng.TestNGCucumberRunner.<init>(TestNGCucumberRunner.java:42)
	at com.prestaShop.testRunner.TestRunner.setUpClass(TestRunner.java:24)
... Removed 24 stack frames]]>
    </failure>
  </testcase> <!-- @BeforeClass setUpClass -->
  <testcase name="@AfterClass tearDownClass" time="0.0" classname="com.prestaShop.testRunner.TestRunner">
    <skipped/>
  </testcase> <!-- @AfterClass tearDownClass -->
  <testcase name="feature" time="0.0" classname="com.prestaShop.testRunner.TestRunner">
    <skipped/>
  </testcase> <!-- feature -->
</testsuite> <!-- Test -->
