<?xml version="1.0" encoding="UTF-8"?>
<!-- Generated by org.testng.reporters.JUnitXMLReporter -->
<testsuite hostname="PC" name="Test" tests="2" failures="1" timestamp="10 May 2020 09:14:13 GMT" time="255.021" errors="0">
  <testcase name="feature" time="138.239" classname="testrunner.MyTestRunner">
    <failure type="cucumber.runtime.CucumberException" message="java.lang.AssertionError: expected [true] but found [false]">
      <![CDATA[cucumber.runtime.CucumberException: java.lang.AssertionError: expected [true] but found [false]
	at cucumber.api.testng.TestNGCucumberRunner.runCucumber(TestNGCucumberRunner.java:69)
	at testrunner.MyTestRunner.feature(MyTestRunner.java:35)
Caused by: java.lang.AssertionError: expected [true] but found [false]
	at com.prestashop.pageObjects.ItemSearchPage.itemAddedSuccessfully(ItemSearchPage.java:105)
	at com.prestashop.stepDefinitions.TC_003_AddTo_Cart.i_validate_that_item_added_to_the_cart_successfully(TC_003_AddTo_Cart.java:67)
	at âœ½.Then I validate that item added to the cart successfully(addToCart.feature:12)
... Removed 28 stack frames]]>
    </failure>
  </testcase> <!-- feature -->
  <testcase name="feature" time="115.103" classname="testrunner.MyTestRunner"/>
</testsuite> <!-- Test -->
